['1', 35.68464516667977, 51.4550971230049, 1, <temp.String object at 0x7f2cd70206a8>, 1520428817.7275622, 0]
['2', 35.71672089564177, 51.25663106171317, 2, <temp.String object at 0x7f2cd7020620>, 1520428817.7275622, 0]
['1', 35.6701371379555, 51.482118500503034, 1, <temp.String object at 0x7f2cd7020a60>, 1520428817.7275622, 0]
['2', 35.67686485299334, 51.44138112258572, 2, <temp.String object at 0x7f2cd7020ae8>, 1520428817.7275622, 0]
{'edge': [0, 0, 0.0]}
{'edge': [0, 1, 258.5]}
{'edge': [0, 2, 298.3999938964844]}
{'edge': [0, 3, 1331.699951171875]}
{'edge': [0, 0, 0.0]}
{'edge': [1, 0, 263.29998779296875]}
{'edge': [2, 0, 322.79998779296875]}
{'edge': [3, 0, 1347.699951171875]}
{'edge': [1, 0, 0.0]}
{'edge': [1, 1, 1303.0]}
{'edge': [1, 2, 1347.699951171875]}
{'edge': [1, 3, 1454.5999755859375]}
{'edge': [0, 1, 0.0]}
{'edge': [1, 1, 1383.4000244140625]}
{'edge': [2, 1, 1331.699951171875]}
{'edge': [3, 1, 1528.5999755859375]}
{'edge': [2, 0, 0.0]}
{'edge': [2, 1, 322.79998779296875]}
{'edge': [2, 2, 349.6000061035156]}
{'edge': [2, 3, 1528.5999755859375]}
{'edge': [0, 2, 0.0]}
{'edge': [1, 2, 298.3999938964844]}
{'edge': [2, 2, 313.0]}
{'edge': [3, 2, 1454.5999755859375]}
{'edge': [3, 0, 0.0]}
{'edge': [3, 1, 263.29998779296875]}
{'edge': [3, 2, 313.0]}
{'edge': [3, 3, 1383.4000244140625]}
{'edge': [0, 3, 0.0]}
{'edge': [1, 3, 258.5]}
{'edge': [2, 3, 349.6000061035156]}
{'edge': [3, 3, 1303.0]}
['0', 35.639855969408636, 51.339721859537576, 0, <temp.String object at 0x7f2cb9dc62f0>, 1520428820.9638033, 0]
{'edge': [4, 0, 0.0]}
{'edge': [4, 1, 976.5999755859375]}
{'edge': [4, 2, 1128.9000244140625]}
{'edge': [4, 3, 1047.0999755859375]}
{'edge': [4, 4, 1104.4000244140625]}
{'edge': [0, 4, 0.0]}
{'edge': [1, 4, 953.0]}
{'edge': [2, 4, 1135.199951171875]}
{'edge': [3, 4, 1091.5999755859375]}
{'edge': [4, 4, 1071.300048828125]}
['1', 35.72873255084143, 51.27381320668243, 1, <temp.String object at 0x7f42dd950730>, 1520429015.8143415, 0]
['2', 35.752768565349335, 51.376191079477245, 2, <temp.String object at 0x7f42dc6eb730>, 1520429015.8143415, 0]
['1', 35.71011636115047, 51.45170977934353, 1, <temp.String object at 0x7f42dc6eb9d8>, 1520429015.8143415, 0]
['2', 35.77919932346786, 51.44020999345691, 2, <temp.String object at 0x7f42dc6eba60>, 1520429015.8143415, 0]
{'edge': [0, 0, 0.0]}
{'edge': [0, 1, 939.0999755859375]}
{'edge': [0, 2, 1461.0999755859375]}
{'edge': [0, 3, 1247.5]}
{'edge': [0, 0, 0.0]}
{'edge': [1, 0, 932.0999755859375]}
{'edge': [2, 0, 1422.0999755859375]}
{'edge': [3, 0, 1315.199951171875]}
{'edge': [1, 0, 0.0]}
{'edge': [1, 1, 770.2000122070312]}
{'edge': [1, 2, 933.0]}
{'edge': [1, 3, 932.0999755859375]}
{'edge': [0, 1, 0.0]}
{'edge': [1, 1, 760.0999755859375]}
{'edge': [2, 1, 1007.7000122070312]}
{'edge': [3, 1, 939.0999755859375]}
{'edge': [2, 0, 0.0]}
{'edge': [2, 1, 800.4000244140625]}
{'edge': [2, 2, 1007.7000122070312]}
{'edge': [2, 3, 1315.199951171875]}
{'edge': [0, 2, 0.0]}
{'edge': [1, 2, 750.0999755859375]}
{'edge': [2, 2, 933.0]}
{'edge': [3, 2, 1247.5]}
{'edge': [3, 0, 0.0]}
{'edge': [3, 1, 760.0999755859375]}
{'edge': [3, 2, 750.0999755859375]}
{'edge': [3, 3, 1422.0999755859375]}
{'edge': [0, 3, 0.0]}
{'edge': [1, 3, 770.2000122070312]}
{'edge': [2, 3, 800.4000244140625]}
{'edge': [3, 3, 1461.0999755859375]}
['0', 35.709495500143014, 51.43511901506156, 0, <temp.String object at 0x7f42dc5c61e0>, 1520429019.004743, 0]
{'edge': [4, 0, 0.0]}
{'edge': [4, 1, 397.0]}
{'edge': [4, 2, 857.2999877929688]}
{'edge': [4, 3, 869.5999755859375]}
{'edge': [4, 4, 1312.199951171875]}
{'edge': [0, 4, 0.0]}
{'edge': [1, 4, 256.6000061035156]}
{'edge': [2, 4, 677.7000122070312]}
{'edge': [3, 4, 826.7999877929688]}
{'edge': [4, 4, 1141.300048828125]}
['1', 35.75594358185156, 51.488059150748384, 1, <temp.String object at 0x7fc0497f2400>, 1520430621.8276258, 0]
['2', 35.641263548929736, 51.400587543916856, 2, <temp.String object at 0x7fc0497f2620>, 1520430621.8276258, 0]
['1', 35.71809749876072, 51.486911790093856, 1, <temp.String object at 0x7fc0497f29d8>, 1520430621.8276258, 0]
['2', 35.715887145624606, 51.465900816461705, 2, <temp.String object at 0x7fc0497f28c8>, 1520430621.8276258, 0]
{'edge': [0, 0, 0.0]}
{'edge': [0, 1, 608.2000122070312]}
{'edge': [0, 2, 427.29998779296875]}
{'edge': [0, 3, 1316.199951171875]}
{'edge': [0, 0, 0.0]}
{'edge': [1, 0, 724.0999755859375]}
{'edge': [2, 0, 589.0999755859375]}
{'edge': [3, 0, 1421.9000244140625]}
{'edge': [1, 0, 0.0]}
{'edge': [1, 1, 971.7000122070312]}
{'edge': [1, 2, 1126.4000244140625]}
{'edge': [1, 3, 1421.9000244140625]}
{'edge': [0, 1, 0.0]}
{'edge': [1, 1, 961.7999877929688]}
{'edge': [2, 1, 1059.800048828125]}
{'edge': [3, 1, 1316.199951171875]}
{'edge': [2, 0, 0.0]}
{'edge': [2, 1, 288.79998779296875]}
{'edge': [2, 2, 724.0999755859375]}
{'edge': [2, 3, 1059.800048828125]}
{'edge': [0, 2, 0.0]}
{'edge': [1, 2, 349.1000061035156]}
{'edge': [2, 2, 608.2000122070312]}
{'edge': [3, 2, 1126.4000244140625]}
{'edge': [3, 0, 0.0]}
{'edge': [3, 1, 349.1000061035156]}
{'edge': [3, 2, 589.0999755859375]}
{'edge': [3, 3, 961.7999877929688]}
{'edge': [0, 3, 0.0]}
{'edge': [1, 3, 288.79998779296875]}
{'edge': [2, 3, 427.29998779296875]}
{'edge': [3, 3, 971.7000122070312]}
['0', 35.67111312443748, 51.47169214233065, 0, <temp.String object at 0x7fc049624400>, 1520430625.0198107, 0]
{'edge': [4, 0, 0.0]}
{'edge': [4, 1, 526.7000122070312]}
{'edge': [4, 2, 625.5999755859375]}
{'edge': [4, 3, 719.7999877929688]}
{'edge': [4, 4, 976.9000244140625]}
{'edge': [0, 4, 0.0]}
{'edge': [1, 4, 458.70001220703125]}
{'edge': [2, 4, 629.2999877929688]}
{'edge': [3, 4, 715.5]}
{'edge': [4, 4, 813.0999755859375]}
['1', 35.65484915527665, 51.39746789310071, 1, <temp.String object at 0x7f15fa807598>, 1520430833.5478811, 0]
['2', 35.78666734499122, 51.42362529819787, 2, <temp.String object at 0x7f15fa807bf8>, 1520430833.5478811, 0]
['1', 35.71575864617497, 51.40750978527157, 1, <temp.String object at 0x7f15fa807c80>, 1520430833.5478811, 0]
['2', 35.703241829237015, 51.25085863894488, 2, <temp.String object at 0x7f15fa807d08>, 1520430833.5478811, 0]
{'edge': [0, 0, 0.0]}
{'edge': [0, 1, 654.4000244140625]}
{'edge': [0, 2, 1219.300048828125]}
{'edge': [0, 3, 1255.699951171875]}
{'edge': [0, 0, 0.0]}
{'edge': [1, 0, 494.20001220703125]}
{'edge': [2, 0, 1160.199951171875]}
{'edge': [3, 0, 1185.0999755859375]}
{'edge': [1, 0, 0.0]}
{'edge': [1, 1, 666.0]}
{'edge': [1, 2, 1160.199951171875]}
{'edge': [1, 3, 1549.9000244140625]}
{'edge': [0, 1, 0.0]}
{'edge': [1, 1, 734.0]}
{'edge': [2, 1, 1219.300048828125]}
{'edge': [3, 1, 1535.800048828125]}
{'edge': [2, 0, 0.0]}
{'edge': [2, 1, 494.20001220703125]}
{'edge': [2, 2, 734.0]}
{'edge': [2, 3, 1078.300048828125]}
{'edge': [0, 2, 0.0]}
{'edge': [1, 2, 654.4000244140625]}
{'edge': [2, 2, 666.0]}
{'edge': [3, 2, 1109.800048828125]}
{'edge': [3, 0, 0.0]}
{'edge': [3, 1, 1185.0999755859375]}
{'edge': [3, 2, 1109.800048828125]}
{'edge': [3, 3, 1535.800048828125]}
{'edge': [0, 3, 0.0]}
{'edge': [1, 3, 1255.699951171875]}
{'edge': [2, 3, 1078.300048828125]}
{'edge': [3, 3, 1549.9000244140625]}
['0', 35.69384181499214, 51.34996935420588, 0, <temp.String object at 0x7f15dd5b2b70>, 1520430836.8114886, 0]
{'edge': [4, 0, 0.0]}
{'edge': [4, 1, 541.5999755859375]}
{'edge': [4, 2, 578.2000122070312]}
{'edge': [4, 3, 758.2000122070312]}
{'edge': [4, 4, 1035.699951171875]}
{'edge': [0, 4, 0.0]}
{'edge': [1, 4, 585.7000122070312]}
{'edge': [2, 4, 457.70001220703125]}
{'edge': [3, 4, 808.5]}
{'edge': [4, 4, 1049.300048828125]}
['1', 35.741729424000845, 51.318672509882376, 1, <temp.String object at 0x7f82be60b7b8>, 1520430900.9125776, 0]
['2', 35.760379473079034, 51.29051511951213, 2, <temp.String object at 0x7f82be60b840>, 1520430900.9125776, 0]
['1', 35.714862308047856, 51.24708379597222, 1, <temp.String object at 0x7f82be60b730>, 1520430900.9125776, 0]
['2', 35.70623476245747, 51.468858231272826, 2, <temp.String object at 0x7f82be60bae8>, 1520430900.9125776, 0]
{'edge': [0, 0, 0.0]}
{'edge': [0, 1, 545.2000122070312]}
{'edge': [0, 2, 724.2000122070312]}
{'edge': [0, 3, 1208.0999755859375]}
{'edge': [0, 0, 0.0]}
{'edge': [1, 0, 391.3999938964844]}
{'edge': [2, 0, 855.2999877929688]}
{'edge': [3, 0, 1221.0999755859375]}
{'edge': [1, 0, 0.0]}
{'edge': [1, 1, 391.3999938964844]}
{'edge': [1, 2, 638.9000244140625]}
{'edge': [1, 3, 1306.5999755859375]}
{'edge': [0, 1, 0.0]}
{'edge': [1, 1, 545.2000122070312]}
{'edge': [2, 1, 748.0999755859375]}
{'edge': [3, 1, 1390.699951171875]}
{'edge': [2, 0, 0.0]}
{'edge': [2, 1, 748.0999755859375]}
{'edge': [2, 2, 855.2999877929688]}
{'edge': [2, 3, 1348.300048828125]}
{'edge': [0, 2, 0.0]}
{'edge': [1, 2, 638.9000244140625]}
{'edge': [2, 2, 724.2000122070312]}
{'edge': [3, 2, 1214.199951171875]}
{'edge': [3, 0, 0.0]}
{'edge': [3, 1, 1221.0999755859375]}
{'edge': [3, 2, 1390.699951171875]}
{'edge': [3, 3, 1214.199951171875]}
{'edge': [0, 3, 0.0]}
{'edge': [1, 3, 1208.0999755859375]}
{'edge': [2, 3, 1306.5999755859375]}
{'edge': [3, 3, 1348.300048828125]}
['0', 35.63006516912358, 51.37875292794615, 0, <temp.String object at 0x7f82be46b598>, 1520430904.1233637, 0]
{'edge': [4, 0, 0.0]}
{'edge': [4, 1, 1076.5999755859375]}
{'edge': [4, 2, 1293.199951171875]}
{'edge': [4, 3, 1277.5]}
{'edge': [4, 4, 1462.800048828125]}
{'edge': [0, 4, 0.0]}
{'edge': [1, 4, 1012.5]}
{'edge': [2, 4, 1200.699951171875]}
{'edge': [3, 4, 1323.800048828125]}
{'edge': [4, 4, 1299.199951171875]}
['1', 35.70915225522907, 51.40144517238551, 1, <temp.String object at 0x7ff5536fd510>, 1520430966.7246978, 0]
['2', 35.65623876410304, 51.324876723867916, 2, <temp.String object at 0x7ff5536fd9d8>, 1520430966.7246978, 0]
['1', 35.776066909469954, 51.34641156726145, 1, <temp.String object at 0x7ff5536fda60>, 1520430966.7246978, 0]
['2', 35.71833046572522, 51.36968019681249, 2, <temp.String object at 0x7ff5536fdae8>, 1520430966.7246978, 0]
{'edge': [0, 0, 0.0]}
{'edge': [0, 1, 371.1000061035156]}
{'edge': [0, 2, 873.5]}
{'edge': [0, 3, 1046.4000244140625]}
{'edge': [0, 0, 0.0]}
{'edge': [1, 0, 357.3999938964844]}
{'edge': [2, 0, 818.2999877929688]}
{'edge': [3, 0, 1017.7999877929688]}
{'edge': [1, 0, 0.0]}
{'edge': [1, 1, 927.5]}
{'edge': [1, 2, 1017.7999877929688]}
{'edge': [1, 3, 1291.0]}
{'edge': [0, 1, 0.0]}
{'edge': [1, 1, 908.5]}
{'edge': [2, 1, 1046.4000244140625]}
{'edge': [3, 1, 1311.4000244140625]}
{'edge': [2, 0, 0.0]}
{'edge': [2, 1, 656.2000122070312]}
{'edge': [2, 2, 818.2999877929688]}
{'edge': [2, 3, 1311.4000244140625]}
{'edge': [0, 2, 0.0]}
{'edge': [1, 2, 599.7999877929688]}
{'edge': [2, 2, 873.5]}
{'edge': [3, 2, 1291.0]}
{'edge': [3, 0, 0.0]}
{'edge': [3, 1, 357.3999938964844]}
{'edge': [3, 2, 599.7999877929688]}
{'edge': [3, 3, 908.5]}
{'edge': [0, 3, 0.0]}
{'edge': [1, 3, 371.1000061035156]}
{'edge': [2, 3, 656.2000122070312]}
{'edge': [3, 3, 927.5]}
['0', 35.672410060215356, 51.27591187226858, 0, <temp.String object at 0x7ff5535cd0d0>, 1520430969.9101255, 0]
{'edge': [4, 0, 0.0]}
{'edge': [4, 1, 829.5]}
{'edge': [4, 2, 1046.0]}
{'edge': [4, 3, 1299.5]}
{'edge': [4, 4, 1145.199951171875]}
{'edge': [0, 4, 0.0]}
{'edge': [1, 4, 668.4000244140625]}
{'edge': [2, 4, 812.7000122070312]}
{'edge': [3, 4, 1215.5999755859375]}
{'edge': [4, 4, 950.5999755859375]}
